Determining if the pthread_create exist failed with the following output:
Change Dir: /home/u2/fjc0004/cpp_rewrite/build/CMakeFiles/CMakeTmp

Run Build Command:"/usr/bin/make" "cmTC_6f5b0/fast"
/usr/bin/make -f CMakeFiles/cmTC_6f5b0.dir/build.make CMakeFiles/cmTC_6f5b0.dir/build
make[1]: Entering directory '/home/u2/fjc0004/cpp_rewrite/build/CMakeFiles/CMakeTmp'
Building C object CMakeFiles/cmTC_6f5b0.dir/CheckSymbolExists.c.o
/usr/bin/cc     -o CMakeFiles/cmTC_6f5b0.dir/CheckSymbolExists.c.o   -c /home/u2/fjc0004/cpp_rewrite/build/CMakeFiles/CMakeTmp/CheckSymbolExists.c
Linking C executable cmTC_6f5b0
/usr/bin/cmake -E cmake_link_script CMakeFiles/cmTC_6f5b0.dir/link.txt --verbose=1
/usr/bin/cc       CMakeFiles/cmTC_6f5b0.dir/CheckSymbolExists.c.o  -o cmTC_6f5b0 -rdynamic 
CMakeFiles/cmTC_6f5b0.dir/CheckSymbolExists.c.o: In function `main':
CheckSymbolExists.c:(.text+0x16): undefined reference to `pthread_create'
collect2: error: ld returned 1 exit status
CMakeFiles/cmTC_6f5b0.dir/build.make:97: recipe for target 'cmTC_6f5b0' failed
make[1]: *** [cmTC_6f5b0] Error 1
make[1]: Leaving directory '/home/u2/fjc0004/cpp_rewrite/build/CMakeFiles/CMakeTmp'
Makefile:126: recipe for target 'cmTC_6f5b0/fast' failed
make: *** [cmTC_6f5b0/fast] Error 2

File /home/u2/fjc0004/cpp_rewrite/build/CMakeFiles/CMakeTmp/CheckSymbolExists.c:
/* */
#include <pthread.h>

int main(int argc, char** argv)
{
  (void)argv;
#ifndef pthread_create
  return ((int*)(&pthread_create))[argc];
#else
  (void)argc;
  return 0;
#endif
}

Determining if the function pthread_create exists in the pthreads failed with the following output:
Change Dir: /home/u2/fjc0004/cpp_rewrite/build/CMakeFiles/CMakeTmp

Run Build Command:"/usr/bin/make" "cmTC_1437d/fast"
/usr/bin/make -f CMakeFiles/cmTC_1437d.dir/build.make CMakeFiles/cmTC_1437d.dir/build
make[1]: Entering directory '/home/u2/fjc0004/cpp_rewrite/build/CMakeFiles/CMakeTmp'
Building C object CMakeFiles/cmTC_1437d.dir/CheckFunctionExists.c.o
/usr/bin/cc    -DCHECK_FUNCTION_EXISTS=pthread_create   -o CMakeFiles/cmTC_1437d.dir/CheckFunctionExists.c.o   -c /usr/share/cmake-3.5/Modules/CheckFunctionExists.c
Linking C executable cmTC_1437d
/usr/bin/cmake -E cmake_link_script CMakeFiles/cmTC_1437d.dir/link.txt --verbose=1
/usr/bin/cc   -DCHECK_FUNCTION_EXISTS=pthread_create    CMakeFiles/cmTC_1437d.dir/CheckFunctionExists.c.o  -o cmTC_1437d -rdynamic -lpthreads 
/usr/bin/ld: cannot find -lpthreads
collect2: error: ld returned 1 exit status
CMakeFiles/cmTC_1437d.dir/build.make:97: recipe for target 'cmTC_1437d' failed
make[1]: *** [cmTC_1437d] Error 1
make[1]: Leaving directory '/home/u2/fjc0004/cpp_rewrite/build/CMakeFiles/CMakeTmp'
Makefile:126: recipe for target 'cmTC_1437d/fast' failed
make: *** [cmTC_1437d/fast] Error 2


